# JRE version: Java(TM) SE Runtime Environment (19.0.2+7) (build 19.0.2+7-44)
# Java VM: Java HotSpot(TM) 64-Bit Server VM (19.0.2+7-44, mixed mode, sharing, tiered, compressed oops, compressed class ptrs, g1 gc, windows-amd64)
GC Precious Log:
 CardTable entry size: 512
 Card Set container configuration: InlinePtr #cards 4 size 8 Array Of Cards #cards 16 size 48 Howl #buckets 8 coarsen threshold 3686 Howl Bitmap #cards 512 size 80 coarsen threshold 460 Card regions per heap region 1 cards per card region 4096
 CPUs: 16 total, 16 available
 Memory: 15790M
 Large Page Support: Disabled
 NUMA Support: Disabled
 Compressed Oops: Enabled (Zero based)
 Heap Region Size: 2M
 Heap Min Capacity: 8M
 Heap Initial Capacity: 248M
 Heap Max Capacity: 3948M
 Pre-touch: Disabled
 Parallel Workers: 13
 Concurrent Workers: 3
 Concurrent Refinement Workers: 13
 Periodic GC: Disabled
Heap:
 garbage-first heap   total 75776K, used 29680K [0x0000000709400000, 0x0000000800000000)
  region size 2048K, 11 young (22528K), 3 survivors (6144K)
 Metaspace       used 60118K, committed 60608K, reserved 1114112K
  class space    used 7658K, committed 7872K, reserved 1048576K
GC Heap History (16 events):
Event: 0.759 GC heap before
{Heap before GC invocations=0 (full 0):
 garbage-first heap   total 253952K, used 22528K [0x0000000709400000, 0x0000000800000000)
  region size 2048K, 11 young (22528K), 0 survivors (0K)
 Metaspace       used 5867K, committed 6144K, reserved 1114112K
  class space    used 558K, committed 704K, reserved 1048576K
}
Event: 0.764 GC heap after
{Heap after GC invocations=1 (full 0):
 garbage-first heap   total 253952K, used 4831K [0x0000000709400000, 0x0000000800000000)
  region size 2048K, 2 young (4096K), 2 survivors (4096K)
 Metaspace       used 5867K, committed 6144K, reserved 1114112K
  class space    used 558K, committed 704K, reserved 1048576K
}
Event: 8.130 GC heap before
{Heap before GC invocations=1 (full 0):
 garbage-first heap   total 253952K, used 33503K [0x0000000709400000, 0x0000000800000000)
  region size 2048K, 16 young (32768K), 2 survivors (4096K)
 Metaspace       used 19070K, committed 19392K, reserved 1114112K
  class space    used 2102K, committed 2240K, reserved 1048576K
}
Event: 8.136 GC heap after
{Heap after GC invocations=2 (full 0):
 garbage-first heap   total 253952K, used 9295K [0x0000000709400000, 0x0000000800000000)
  region size 2048K, 2 young (4096K), 2 survivors (4096K)
 Metaspace       used 19070K, committed 19392K, reserved 1114112K
  class space    used 2102K, committed 2240K, reserved 1048576K
}
Event: 8.288 GC heap before
{Heap before GC invocations=2 (full 0):
 garbage-first heap   total 253952K, used 15439K [0x0000000709400000, 0x0000000800000000)
  region size 2048K, 6 young (12288K), 2 survivors (4096K)
 Metaspace       used 21224K, committed 21504K, reserved 1114112K
  class space    used 2413K, committed 2560K, reserved 1048576K
}
Event: 8.291 GC heap after
{Heap after GC invocations=3 (full 0):
 garbage-first heap   total 253952K, used 9966K [0x0000000709400000, 0x0000000800000000)
  region size 2048K, 3 young (6144K), 3 survivors (6144K)
 Metaspace       used 21224K, committed 21504K, reserved 1114112K
  class space    used 2413K, committed 2560K, reserved 1048576K
}
Event: 8.924 GC heap before
{Heap before GC invocations=4 (full 0):
 garbage-first heap   total 49152K, used 32494K [0x0000000709400000, 0x0000000800000000)
  region size 2048K, 14 young (28672K), 3 survivors (6144K)
 Metaspace       used 32268K, committed 32640K, reserved 1114112K
  class space    used 3719K, committed 3904K, reserved 1048576K
}
Event: 8.931 GC heap after
{Heap after GC invocations=5 (full 0):
 garbage-first heap   total 49152K, used 12589K [0x0000000709400000, 0x0000000800000000)
  region size 2048K, 2 young (4096K), 2 survivors (4096K)
 Metaspace       used 32268K, committed 32640K, reserved 1114112K
  class space    used 3719K, committed 3904K, reserved 1048576K
}
Event: 8.992 GC heap before
{Heap before GC invocations=5 (full 0):
 garbage-first heap   total 49152K, used 14637K [0x0000000709400000, 0x0000000800000000)
  region size 2048K, 3 young (6144K), 2 survivors (4096K)
 Metaspace       used 32809K, committed 33152K, reserved 1114112K
  class space    used 3793K, committed 3968K, reserved 1048576K
}
Event: 8.995 GC heap after
{Heap after GC invocations=6 (full 0):
 garbage-first heap   total 49152K, used 12628K [0x0000000709400000, 0x0000000800000000)
  region size 2048K, 1 young (2048K), 1 survivors (2048K)
 Metaspace       used 32809K, committed 33152K, reserved 1114112K
  class space    used 3793K, committed 3968K, reserved 1048576K
}
Event: 9.283 GC heap before
{Heap before GC invocations=6 (full 0):
 garbage-first heap   total 49152K, used 22868K [0x0000000709400000, 0x0000000800000000)
  region size 2048K, 7 young (14336K), 1 survivors (2048K)
 Metaspace       used 35848K, committed 36160K, reserved 1114112K
  class space    used 4234K, committed 4416K, reserved 1048576K
}
Event: 9.284 GC heap after
{Heap after GC invocations=7 (full 0):
 garbage-first heap   total 49152K, used 12711K [0x0000000709400000, 0x0000000800000000)
  region size 2048K, 1 young (2048K), 1 survivors (2048K)
 Metaspace       used 35848K, committed 36160K, reserved 1114112K
  class space    used 4234K, committed 4416K, reserved 1048576K
}
Event: 9.785 GC heap before
{Heap before GC invocations=8 (full 0):
 garbage-first heap   total 49152K, used 31143K [0x0000000709400000, 0x0000000800000000)
  region size 2048K, 11 young (22528K), 1 survivors (2048K)
 Metaspace       used 42628K, committed 42944K, reserved 1114112K
  class space    used 5223K, committed 5376K, reserved 1048576K
}
Event: 9.787 GC heap after
{Heap after GC invocations=9 (full 0):
 garbage-first heap   total 151552K, used 13732K [0x0000000709400000, 0x0000000800000000)
  region size 2048K, 1 young (2048K), 1 survivors (2048K)
 Metaspace       used 42628K, committed 42944K, reserved 1114112K
  class space    used 5223K, committed 5376K, reserved 1048576K
}
Event: 309.442 GC heap before
{Heap before GC invocations=9 (full 0):
 garbage-first heap   total 151552K, used 75172K [0x0000000709400000, 0x0000000800000000)
  region size 2048K, 33 young (67584K), 1 survivors (2048K)
 Metaspace       used 59937K, committed 60416K, reserved 1114112K
  class space    used 7658K, committed 7872K, reserved 1048576K
}
Event: 309.448 GC heap after
{Heap after GC invocations=10 (full 0):
 garbage-first heap   total 151552K, used 17392K [0x0000000709400000, 0x0000000800000000)
  region size 2048K, 3 young (6144K), 3 survivors (6144K)
 Metaspace       used 59937K, committed 60416K, reserved 1114112K
  class space    used 7658K, committed 7872K, reserved 1048576K
}

