# JRE version: Java(TM) SE Runtime Environment (19.0.2+7) (build 19.0.2+7-44)
# Java VM: Java HotSpot(TM) 64-Bit Server VM (19.0.2+7-44, mixed mode, sharing, tiered, compressed oops, compressed class ptrs, g1 gc, windows-amd64)
GC Precious Log:
 CardTable entry size: 512
 Card Set container configuration: InlinePtr #cards 4 size 8 Array Of Cards #cards 16 size 48 Howl #buckets 8 coarsen threshold 3686 Howl Bitmap #cards 512 size 80 coarsen threshold 460 Card regions per heap region 1 cards per card region 4096
 CPUs: 16 total, 16 available
 Memory: 15790M
 Large Page Support: Disabled
 NUMA Support: Disabled
 Compressed Oops: Enabled (Zero based)
 Heap Region Size: 2M
 Heap Min Capacity: 8M
 Heap Initial Capacity: 248M
 Heap Max Capacity: 3948M
 Pre-touch: Disabled
 Parallel Workers: 13
 Concurrent Workers: 3
 Concurrent Refinement Workers: 13
 Periodic GC: Disabled
Heap:
 garbage-first heap   total 151552K, used 57435K [0x0000000709400000, 0x0000000800000000)
  region size 2048K, 24 young (49152K), 1 survivors (2048K)
 Metaspace       used 56417K, committed 56896K, reserved 1114112K
  class space    used 7223K, committed 7424K, reserved 1048576K
GC Heap History (16 events):
Event: 0.528 GC heap before
{Heap before GC invocations=0 (full 0):
 garbage-first heap   total 253952K, used 22528K [0x0000000709400000, 0x0000000800000000)
  region size 2048K, 11 young (22528K), 0 survivors (0K)
 Metaspace       used 5793K, committed 6080K, reserved 1114112K
  class space    used 554K, committed 704K, reserved 1048576K
}
Event: 0.533 GC heap after
{Heap after GC invocations=1 (full 0):
 garbage-first heap   total 253952K, used 5505K [0x0000000709400000, 0x0000000800000000)
  region size 2048K, 2 young (4096K), 2 survivors (4096K)
 Metaspace       used 5793K, committed 6080K, reserved 1114112K
  class space    used 554K, committed 704K, reserved 1048576K
}
Event: 4.970 GC heap before
{Heap before GC invocations=1 (full 0):
 garbage-first heap   total 253952K, used 34177K [0x0000000709400000, 0x0000000800000000)
  region size 2048K, 16 young (32768K), 2 survivors (4096K)
 Metaspace       used 19885K, committed 20224K, reserved 1114112K
  class space    used 2259K, committed 2368K, reserved 1048576K
}
Event: 4.976 GC heap after
{Heap after GC invocations=2 (full 0):
 garbage-first heap   total 253952K, used 10116K [0x0000000709400000, 0x0000000800000000)
  region size 2048K, 2 young (4096K), 2 survivors (4096K)
 Metaspace       used 19885K, committed 20224K, reserved 1114112K
  class space    used 2259K, committed 2368K, reserved 1048576K
}
Event: 5.064 GC heap before
{Heap before GC invocations=2 (full 0):
 garbage-first heap   total 253952K, used 14212K [0x0000000709400000, 0x0000000800000000)
  region size 2048K, 5 young (10240K), 2 survivors (4096K)
 Metaspace       used 21262K, committed 21504K, reserved 1114112K
  class space    used 2452K, committed 2560K, reserved 1048576K
}
Event: 5.066 GC heap after
{Heap after GC invocations=3 (full 0):
 garbage-first heap   total 253952K, used 10730K [0x0000000709400000, 0x0000000800000000)
  region size 2048K, 3 young (6144K), 3 survivors (6144K)
 Metaspace       used 21262K, committed 21504K, reserved 1114112K
  class space    used 2452K, committed 2560K, reserved 1048576K
}
Event: 5.600 GC heap before
{Heap before GC invocations=4 (full 0):
 garbage-first heap   total 49152K, used 33258K [0x0000000709400000, 0x0000000800000000)
  region size 2048K, 14 young (28672K), 3 survivors (6144K)
 Metaspace       used 32430K, committed 32768K, reserved 1114112K
  class space    used 3773K, committed 3904K, reserved 1048576K
}
Event: 5.606 GC heap after
{Heap after GC invocations=5 (full 0):
 garbage-first heap   total 49152K, used 13527K [0x0000000709400000, 0x0000000800000000)
  region size 2048K, 2 young (4096K), 2 survivors (4096K)
 Metaspace       used 32430K, committed 32768K, reserved 1114112K
  class space    used 3773K, committed 3904K, reserved 1048576K
}
Event: 5.655 GC heap before
{Heap before GC invocations=5 (full 0):
 garbage-first heap   total 49152K, used 15575K [0x0000000709400000, 0x0000000800000000)
  region size 2048K, 3 young (6144K), 2 survivors (4096K)
 Metaspace       used 33066K, committed 33408K, reserved 1114112K
  class space    used 3861K, committed 4032K, reserved 1048576K
}
Event: 5.658 GC heap after
{Heap after GC invocations=6 (full 0):
 garbage-first heap   total 49152K, used 13398K [0x0000000709400000, 0x0000000800000000)
  region size 2048K, 1 young (2048K), 1 survivors (2048K)
 Metaspace       used 33066K, committed 33408K, reserved 1114112K
  class space    used 3861K, committed 4032K, reserved 1048576K
}
Event: 5.896 GC heap before
{Heap before GC invocations=6 (full 0):
 garbage-first heap   total 49152K, used 23638K [0x0000000709400000, 0x0000000800000000)
  region size 2048K, 7 young (14336K), 1 survivors (2048K)
 Metaspace       used 36181K, committed 36416K, reserved 1114112K
  class space    used 4302K, committed 4416K, reserved 1048576K
}
Event: 5.897 GC heap after
{Heap after GC invocations=7 (full 0):
 garbage-first heap   total 49152K, used 13588K [0x0000000709400000, 0x0000000800000000)
  region size 2048K, 1 young (2048K), 1 survivors (2048K)
 Metaspace       used 36181K, committed 36416K, reserved 1114112K
  class space    used 4302K, committed 4416K, reserved 1048576K
}
Event: 6.296 GC heap before
{Heap before GC invocations=8 (full 0):
 garbage-first heap   total 49152K, used 32020K [0x0000000709400000, 0x0000000800000000)
  region size 2048K, 10 young (20480K), 1 survivors (2048K)
 Metaspace       used 42360K, committed 42688K, reserved 1114112K
  class space    used 5229K, committed 5376K, reserved 1048576K
}
Event: 6.298 GC heap after
{Heap after GC invocations=9 (full 0):
 garbage-first heap   total 151552K, used 14433K [0x0000000709400000, 0x0000000800000000)
  region size 2048K, 1 young (2048K), 1 survivors (2048K)
 Metaspace       used 42360K, committed 42688K, reserved 1114112K
  class space    used 5229K, committed 5376K, reserved 1048576K
}
Event: 6.388 GC heap before
{Heap before GC invocations=9 (full 0):
 garbage-first heap   total 151552K, used 18529K [0x0000000709400000, 0x0000000800000000)
  region size 2048K, 3 young (6144K), 1 survivors (2048K)
 Metaspace       used 44003K, committed 44416K, reserved 1114112K
  class space    used 5441K, committed 5632K, reserved 1048576K
}
Event: 6.391 GC heap after
{Heap after GC invocations=10 (full 0):
 garbage-first heap   total 151552K, used 14427K [0x0000000709400000, 0x0000000800000000)
  region size 2048K, 1 young (2048K), 1 survivors (2048K)
 Metaspace       used 44003K, committed 44416K, reserved 1114112K
  class space    used 5441K, committed 5632K, reserved 1048576K
}

